This file contains any messages produced by compilers while
running configure, to aid debugging if configure makes a mistake.

It was created by m4ri configure 20130416, which was
generated by GNU Autoconf 2.69.  Invocation command line was

  $ ./configure 

## --------- ##
## Platform. ##
## --------- ##

hostname = soosV3560
uname -m = x86_64
uname -r = 3.13.0-24-generic
uname -s = Linux
uname -v = #47-Ubuntu SMP Fri May 2 23:30:00 UTC 2014

/usr/bin/uname -p = unknown
/bin/uname -X     = unknown

/bin/arch              = unknown
/usr/bin/arch -k       = unknown
/usr/convex/getsysinfo = unknown
/usr/bin/hostinfo      = unknown
/bin/machine           = unknown
/usr/bin/oslevel       = unknown
/bin/universe          = unknown

PATH: /usr/lib/ccache
PATH: /usr/local/sbin
PATH: /usr/local/bin
PATH: /usr/sbin
PATH: /usr/bin
PATH: /sbin
PATH: /bin
PATH: /usr/games
PATH: /usr/local/games
PATH: /home/soos/android-sdks/tools
PATH: /home/soos/android-sdks/platform-tools
PATH: /opt/cross/bin
PATH: /opt/cov-analysis-linux64-6.6.1/bin


## ----------- ##
## Core tests. ##
## ----------- ##

configure:2285: checking build system type
configure:2299: result: x86_64-unknown-linux-gnu
configure:2319: checking host system type
configure:2332: result: x86_64-unknown-linux-gnu
configure:2371: checking for a BSD-compatible install
configure:2439: result: /usr/bin/install -c
configure:2450: checking whether build environment is sane
configure:2500: result: yes
configure:2641: checking for a thread-safe mkdir -p
configure:2680: result: /bin/mkdir -p
configure:2693: checking for gawk
configure:2709: found /usr/bin/gawk
configure:2720: result: gawk
configure:2731: checking whether make sets $(MAKE)
configure:2753: result: yes
configure:2835: checking whether to enable maintainer-specific portions of Makefiles
configure:2844: result: no
configure:2872: checking for style of include used by make
configure:2900: result: GNU
configure:2971: checking for gcc
configure:2987: found /usr/lib/ccache/gcc
configure:2998: result: gcc
configure:3227: checking for C compiler version
configure:3236: gcc --version >&5
gcc (Ubuntu 4.8.2-19ubuntu1) 4.8.2
Copyright (C) 2013 Free Software Foundation, Inc.
This is free software; see the source for copying conditions.  There is NO
warranty; not even for MERCHANTABILITY or FITNESS FOR A PARTICULAR PURPOSE.

configure:3247: $? = 0
configure:3236: gcc -v >&5
Using built-in specs.
COLLECT_GCC=/usr/bin/gcc
COLLECT_LTO_WRAPPER=/usr/lib/gcc/x86_64-linux-gnu/4.8/lto-wrapper
Target: x86_64-linux-gnu
Configured with: ../src/configure -v --with-pkgversion='Ubuntu 4.8.2-19ubuntu1' --with-bugurl=file:///usr/share/doc/gcc-4.8/README.Bugs --enable-languages=c,c++,java,go,d,fortran,objc,obj-c++ --prefix=/usr --program-suffix=-4.8 --enable-shared --enable-linker-build-id --libexecdir=/usr/lib --without-included-gettext --enable-threads=posix --with-gxx-include-dir=/usr/include/c++/4.8 --libdir=/usr/lib --enable-nls --with-sysroot=/ --enable-clocale=gnu --enable-libstdcxx-debug --enable-libstdcxx-time=yes --enable-gnu-unique-object --disable-libmudflap --enable-plugin --with-system-zlib --disable-browser-plugin --enable-java-awt=gtk --enable-gtk-cairo --with-java-home=/usr/lib/jvm/java-1.5.0-gcj-4.8-amd64/jre --enable-java-home --with-jvm-root-dir=/usr/lib/jvm/java-1.5.0-gcj-4.8-amd64 --with-jvm-jar-dir=/usr/lib/jvm-exports/java-1.5.0-gcj-4.8-amd64 --with-arch-directory=amd64 --with-ecj-jar=/usr/share/java/eclipse-ecj.jar --enable-objc-gc --enable-multiarch --disable-werror --with-arch-32=i686 --with-abi=m64 --with-multilib-list=m32,m64,mx32 --with-tune=generic --enable-checking=release --build=x86_64-linux-gnu --host=x86_64-linux-gnu --target=x86_64-linux-gnu
Thread model: posix
gcc version 4.8.2 (Ubuntu 4.8.2-19ubuntu1) 
configure:3247: $? = 0
configure:3236: gcc -V >&5
gcc: error: unrecognized command line option '-V'
gcc: fatal error: no input files
compilation terminated.
configure:3247: $? = 4
configure:3236: gcc -qversion >&5
gcc: error: unrecognized command line option '-qversion'
gcc: fatal error: no input files
compilation terminated.
configure:3247: $? = 4
configure:3267: checking whether the C compiler works
configure:3289: gcc    conftest.c  >&5
configure:3293: $? = 0
configure:3341: result: yes
configure:3344: checking for C compiler default output file name
configure:3346: result: a.out
configure:3352: checking for suffix of executables
configure:3359: gcc -o conftest    conftest.c  >&5
configure:3363: $? = 0
configure:3385: result: 
configure:3407: checking whether we are cross compiling
configure:3415: gcc -o conftest    conftest.c  >&5
configure:3419: $? = 0
configure:3426: ./conftest
configure:3430: $? = 0
configure:3445: result: no
configure:3450: checking for suffix of object files
configure:3472: gcc -c   conftest.c >&5
configure:3476: $? = 0
configure:3497: result: o
configure:3501: checking whether we are using the GNU C compiler
configure:3520: gcc -c   conftest.c >&5
configure:3520: $? = 0
configure:3529: result: yes
configure:3538: checking whether gcc accepts -g
configure:3558: gcc -c -g  conftest.c >&5
configure:3558: $? = 0
configure:3599: result: yes
configure:3616: checking for gcc option to accept ISO C89
configure:3679: gcc  -c -g -O2  conftest.c >&5
configure:3679: $? = 0
configure:3692: result: none needed
configure:3714: checking dependency style of gcc
configure:3825: result: gcc3
configure:3841: checking whether gcc and cc understand -c and -o together
configure:3872: gcc -c conftest.c -o conftest2.o >&5
configure:3876: $? = 0
configure:3882: gcc -c conftest.c -o conftest2.o >&5
configure:3886: $? = 0
configure:3897: cc -c conftest.c >&5
configure:3901: $? = 0
configure:3909: cc -c conftest.c -o conftest2.o >&5
configure:3913: $? = 0
configure:3919: cc -c conftest.c -o conftest2.o >&5
configure:3923: $? = 0
configure:3941: result: yes
configure:4013: checking how to print strings
configure:4040: result: printf
configure:4061: checking for a sed that does not truncate output
configure:4125: result: /bin/sed
configure:4143: checking for grep that handles long lines and -e
configure:4201: result: /bin/grep
configure:4206: checking for egrep
configure:4268: result: /bin/grep -E
configure:4273: checking for fgrep
configure:4335: result: /bin/grep -F
configure:4370: checking for ld used by gcc
configure:4437: result: /usr/bin/ld
configure:4444: checking if the linker (/usr/bin/ld) is GNU ld
configure:4459: result: yes
configure:4471: checking for BSD- or MS-compatible name lister (nm)
configure:4520: result: /usr/bin/nm -B
configure:4650: checking the name lister (/usr/bin/nm -B) interface
configure:4657: gcc -c -g -O2  conftest.c >&5
configure:4660: /usr/bin/nm -B "conftest.o"
configure:4663: output
0000000000000000 B some_variable
configure:4670: result: BSD nm
configure:4673: checking whether ln -s works
configure:4677: result: yes
configure:4685: checking the maximum length of command line arguments
configure:4815: result: 1572864
configure:4832: checking whether the shell understands some XSI constructs
configure:4842: result: yes
configure:4846: checking whether the shell understands "+="
configure:4852: result: yes
configure:4887: checking how to convert x86_64-unknown-linux-gnu file names to x86_64-unknown-linux-gnu format
configure:4927: result: func_convert_file_noop
configure:4934: checking how to convert x86_64-unknown-linux-gnu file names to toolchain format
configure:4954: result: func_convert_file_noop
configure:4961: checking for /usr/bin/ld option to reload object files
configure:4968: result: -r
configure:5042: checking for objdump
configure:5058: found /usr/bin/objdump
configure:5069: result: objdump
configure:5101: checking how to recognize dependent libraries
configure:5303: result: pass_all
configure:5388: checking for dlltool
configure:5418: result: no
configure:5448: checking how to associate runtime and link libraries
configure:5475: result: printf %s\n
configure:5536: checking for ar
configure:5552: found /usr/bin/ar
configure:5563: result: ar
configure:5600: checking for archiver @FILE support
configure:5617: gcc -c -g -O2  conftest.c >&5
configure:5617: $? = 0
configure:5620: ar cru libconftest.a @conftest.lst >&5
configure:5623: $? = 0
configure:5628: ar cru libconftest.a @conftest.lst >&5
ar: conftest.o: No such file or directory
configure:5631: $? = 1
configure:5643: result: @
configure:5701: checking for strip
configure:5717: found /usr/bin/strip
configure:5728: result: strip
configure:5800: checking for ranlib
configure:5816: found /usr/bin/ranlib
configure:5827: result: ranlib
configure:5929: checking command to parse /usr/bin/nm -B output from gcc object
configure:6049: gcc -c -g -O2  conftest.c >&5
configure:6052: $? = 0
configure:6056: /usr/bin/nm -B conftest.o \| sed -n -e 's/^.*[ ]\([ABCDGIRSTW][ABCDGIRSTW]*\)[ ][ ]*\([_A-Za-z][_A-Za-z0-9]*\)$/\1 \2 \2/p' | sed '/ __gnu_lto/d' \> conftest.nm
configure:6059: $? = 0
configure:6125: gcc -o conftest -g -O2   conftest.c conftstm.o >&5
configure:6128: $? = 0
configure:6166: result: ok
configure:6203: checking for sysroot
configure:6233: result: no
configure:6310: gcc -c -g -O2  conftest.c >&5
configure:6313: $? = 0
configure:6489: checking for mt
configure:6505: found /bin/mt
configure:6516: result: mt
configure:6539: checking if mt is a manifest tool
configure:6545: mt '-?'
configure:6553: result: no
configure:7195: checking how to run the C preprocessor
configure:7226: gcc -E  conftest.c
configure:7226: $? = 0
configure:7240: gcc -E  conftest.c
conftest.c:11:28: fatal error: ac_nonexistent.h: No such file or directory
 #include <ac_nonexistent.h>
                            ^
compilation terminated.
configure:7240: $? = 1
configure: failed program was:
| /* confdefs.h */
| #define PACKAGE_NAME "m4ri"
| #define PACKAGE_TARNAME "m4ri"
| #define PACKAGE_VERSION "20130416"
| #define PACKAGE_STRING "m4ri 20130416"
| #define PACKAGE_BUGREPORT ""
| #define PACKAGE_URL ""
| #define PACKAGE "m4ri"
| #define VERSION "20130416"
| /* end confdefs.h.  */
| #include <ac_nonexistent.h>
configure:7265: result: gcc -E
configure:7285: gcc -E  conftest.c
configure:7285: $? = 0
configure:7299: gcc -E  conftest.c
conftest.c:11:28: fatal error: ac_nonexistent.h: No such file or directory
 #include <ac_nonexistent.h>
                            ^
compilation terminated.
configure:7299: $? = 1
configure: failed program was:
| /* confdefs.h */
| #define PACKAGE_NAME "m4ri"
| #define PACKAGE_TARNAME "m4ri"
| #define PACKAGE_VERSION "20130416"
| #define PACKAGE_STRING "m4ri 20130416"
| #define PACKAGE_BUGREPORT ""
| #define PACKAGE_URL ""
| #define PACKAGE "m4ri"
| #define VERSION "20130416"
| /* end confdefs.h.  */
| #include <ac_nonexistent.h>
configure:7328: checking for ANSI C header files
configure:7348: gcc -c -g -O2  conftest.c >&5
configure:7348: $? = 0
configure:7421: gcc -o conftest -g -O2   conftest.c  >&5
configure:7421: $? = 0
configure:7421: ./conftest
configure:7421: $? = 0
configure:7432: result: yes
configure:7445: checking for sys/types.h
configure:7445: gcc -c -g -O2  conftest.c >&5
configure:7445: $? = 0
configure:7445: result: yes
configure:7445: checking for sys/stat.h
configure:7445: gcc -c -g -O2  conftest.c >&5
configure:7445: $? = 0
configure:7445: result: yes
configure:7445: checking for stdlib.h
configure:7445: gcc -c -g -O2  conftest.c >&5
configure:7445: $? = 0
configure:7445: result: yes
configure:7445: checking for string.h
configure:7445: gcc -c -g -O2  conftest.c >&5
configure:7445: $? = 0
configure:7445: result: yes
configure:7445: checking for memory.h
configure:7445: gcc -c -g -O2  conftest.c >&5
configure:7445: $? = 0
configure:7445: result: yes
configure:7445: checking for strings.h
configure:7445: gcc -c -g -O2  conftest.c >&5
configure:7445: $? = 0
configure:7445: result: yes
configure:7445: checking for inttypes.h
configure:7445: gcc -c -g -O2  conftest.c >&5
configure:7445: $? = 0
configure:7445: result: yes
configure:7445: checking for stdint.h
configure:7445: gcc -c -g -O2  conftest.c >&5
configure:7445: $? = 0
configure:7445: result: yes
configure:7445: checking for unistd.h
configure:7445: gcc -c -g -O2  conftest.c >&5
configure:7445: $? = 0
configure:7445: result: yes
configure:7459: checking for dlfcn.h
configure:7459: gcc -c -g -O2  conftest.c >&5
configure:7459: $? = 0
configure:7459: result: yes
configure:7665: checking for objdir
configure:7680: result: .libs
configure:7951: checking if gcc supports -fno-rtti -fno-exceptions
configure:7969: gcc -c -g -O2  -fno-rtti -fno-exceptions conftest.c >&5
cc1: warning: command line option '-fno-rtti' is valid for C++/ObjC++ but not for C [enabled by default]
cc1: warning: command line option '-fno-rtti' is valid for C++/ObjC++ but not for C [enabled by default]
configure:7973: $? = 0
configure:7986: result: no
configure:8313: checking for gcc option to produce PIC
configure:8320: result: -fPIC -DPIC
configure:8328: checking if gcc PIC flag -fPIC -DPIC works
configure:8346: gcc -c -g -O2  -fPIC -DPIC -DPIC conftest.c >&5
configure:8350: $? = 0
configure:8363: result: yes
configure:8392: checking if gcc static flag -static works
configure:8420: result: yes
configure:8435: checking if gcc supports -c -o file.o
configure:8456: gcc -c -g -O2  -o out/conftest2.o conftest.c >&5
configure:8460: $? = 0
configure:8482: result: yes
configure:8490: checking if gcc supports -c -o file.o
configure:8537: result: yes
configure:8570: checking whether the gcc linker (/usr/bin/ld -m elf_x86_64) supports shared libraries
configure:9727: result: yes
configure:9764: checking whether -lc should be explicitly linked in
configure:9772: gcc -c -g -O2  conftest.c >&5
configure:9775: $? = 0
configure:9790: gcc -shared  -fPIC -DPIC conftest.o  -v -Wl,-soname -Wl,conftest -o conftest 2\>\&1 \| /bin/grep  -lc  \>/dev/null 2\>\&1
configure:9793: $? = 0
configure:9807: result: no
configure:9967: checking dynamic linker characteristics
configure:10478: gcc -o conftest -g -O2   -Wl,-rpath -Wl,/foo conftest.c  >&5
configure:10478: $? = 0
configure:10712: result: GNU/Linux ld.so
configure:10819: checking how to hardcode library paths into programs
configure:10844: result: immediate
configure:11384: checking whether stripping libraries is possible
configure:11389: result: yes
configure:11424: checking if libtool supports shared libraries
configure:11426: result: yes
configure:11429: checking whether to build shared libraries
configure:11450: result: yes
configure:11453: checking whether to build static libraries
configure:11457: result: yes
configure:11522: checking for gcc option to accept ISO C99
configure:11671: gcc  -c -g -O2  conftest.c >&5
conftest.c:73:29: error: expected ';', ',' or ')' before 'text'
 test_restrict (ccp restrict text)
                             ^
conftest.c: In function 'main':
conftest.c:127:18: error: expected '=', ',', ';', 'asm' or '__attribute__' before 'newvar'
   char *restrict newvar = "Another string";
                  ^
conftest.c:127:18: error: 'newvar' undeclared (first use in this function)
conftest.c:127:18: note: each undeclared identifier is reported only once for each function it appears in
conftest.c:137:3: error: 'for' loop initial declarations are only allowed in C99 mode
   for (int i = 0; i < ia->datasize; ++i)
   ^
conftest.c:137:3: note: use option -std=c99 or -std=gnu99 to compile your code
configure:11671: $? = 1
configure: failed program was:
| /* confdefs.h */
| #define PACKAGE_NAME "m4ri"
| #define PACKAGE_TARNAME "m4ri"
| #define PACKAGE_VERSION "20130416"
| #define PACKAGE_STRING "m4ri 20130416"
| #define PACKAGE_BUGREPORT ""
| #define PACKAGE_URL ""
| #define PACKAGE "m4ri"
| #define VERSION "20130416"
| #define STDC_HEADERS 1
| #define HAVE_SYS_TYPES_H 1
| #define HAVE_SYS_STAT_H 1
| #define HAVE_STDLIB_H 1
| #define HAVE_STRING_H 1
| #define HAVE_MEMORY_H 1
| #define HAVE_STRINGS_H 1
| #define HAVE_INTTYPES_H 1
| #define HAVE_STDINT_H 1
| #define HAVE_UNISTD_H 1
| #define HAVE_DLFCN_H 1
| #define LT_OBJDIR ".libs/"
| /* end confdefs.h.  */
| #include <stdarg.h>
| #include <stdbool.h>
| #include <stdlib.h>
| #include <wchar.h>
| #include <stdio.h>
| 
| // Check varargs macros.  These examples are taken from C99 6.10.3.5.
| #define debug(...) fprintf (stderr, __VA_ARGS__)
| #define showlist(...) puts (#__VA_ARGS__)
| #define report(test,...) ((test) ? puts (#test) : printf (__VA_ARGS__))
| static void
| test_varargs_macros (void)
| {
|   int x = 1234;
|   int y = 5678;
|   debug ("Flag");
|   debug ("X = %d\n", x);
|   showlist (The first, second, and third items.);
|   report (x>y, "x is %d but y is %d", x, y);
| }
| 
| // Check long long types.
| #define BIG64 18446744073709551615ull
| #define BIG32 4294967295ul
| #define BIG_OK (BIG64 / BIG32 == 4294967297ull && BIG64 % BIG32 == 0)
| #if !BIG_OK
|   your preprocessor is broken;
| #endif
| #if BIG_OK
| #else
|   your preprocessor is broken;
| #endif
| static long long int bignum = -9223372036854775807LL;
| static unsigned long long int ubignum = BIG64;
| 
| struct incomplete_array
| {
|   int datasize;
|   double data[];
| };
| 
| struct named_init {
|   int number;
|   const wchar_t *name;
|   double average;
| };
| 
| typedef const char *ccp;
| 
| static inline int
| test_restrict (ccp restrict text)
| {
|   // See if C++-style comments work.
|   // Iterate through items via the restricted pointer.
|   // Also check for declarations in for loops.
|   for (unsigned int i = 0; *(text+i) != '\0'; ++i)
|     continue;
|   return 0;
| }
| 
| // Check varargs and va_copy.
| static void
| test_varargs (const char *format, ...)
| {
|   va_list args;
|   va_start (args, format);
|   va_list args_copy;
|   va_copy (args_copy, args);
| 
|   const char *str;
|   int number;
|   float fnumber;
| 
|   while (*format)
|     {
|       switch (*format++)
| 	{
| 	case 's': // string
| 	  str = va_arg (args_copy, const char *);
| 	  break;
| 	case 'd': // int
| 	  number = va_arg (args_copy, int);
| 	  break;
| 	case 'f': // float
| 	  fnumber = va_arg (args_copy, double);
| 	  break;
| 	default:
| 	  break;
| 	}
|     }
|   va_end (args_copy);
|   va_end (args);
| }
| 
| int
| main ()
| {
| 
|   // Check bool.
|   _Bool success = false;
| 
|   // Check restrict.
|   if (test_restrict ("String literal") == 0)
|     success = true;
|   char *restrict newvar = "Another string";
| 
|   // Check varargs.
|   test_varargs ("s, d' f .", "string", 65, 34.234);
|   test_varargs_macros ();
| 
|   // Check flexible array members.
|   struct incomplete_array *ia =
|     malloc (sizeof (struct incomplete_array) + (sizeof (double) * 10));
|   ia->datasize = 10;
|   for (int i = 0; i < ia->datasize; ++i)
|     ia->data[i] = i * 1.234;
| 
|   // Check named initializers.
|   struct named_init ni = {
|     .number = 34,
|     .name = L"Test wide string",
|     .average = 543.34343,
|   };
| 
|   ni.number = 58;
| 
|   int dynamic_array[ni.number];
|   dynamic_array[ni.number - 1] = 543;
| 
|   // work around unused variable warnings
|   return (!success || bignum == 0LL || ubignum == 0uLL || newvar[0] == 'x'
| 	  || dynamic_array[ni.number - 1] != 543);
| 
|   ;
|   return 0;
| }
configure:11671: gcc -std=gnu99 -c -g -O2  conftest.c >&5
configure:11671: $? = 0
configure:11691: result: -std=gnu99
configure:11720: checking for x86 cpuid  output
configure:11759: gcc -std=gnu99 -o conftest -g -O2   conftest.c  >&5
configure:11759: $? = 0
configure:11759: ./conftest
configure:11759: $? = 0
configure:11769: result: d:756e6547:6c65746e:49656e69
configure:11793: checking for x86 cpuid 0x0 output
configure:11832: gcc -std=gnu99 -o conftest -g -O2   conftest.c  >&5
configure:11832: $? = 0
configure:11832: ./conftest
configure:11832: $? = 0
configure:11842: result: d:756e6547:6c65746e:49656e69
configure:11852: checking for the processor vendor
configure:11891: result: Intel
configure:11905: checking for x86 cpuid 0x00000001 output
configure:11944: gcc -std=gnu99 -o conftest -g -O2   conftest.c  >&5
configure:11944: $? = 0
configure:11944: ./conftest
configure:11944: $? = 0
configure:11954: result: 306a9:2100800:7fbae3bf:bfebfbff
configure:11966: checking whether mmx is supported
configure:11978: result: yes
configure:11981: checking whether sse is supported
configure:11993: result: yes
configure:11996: checking whether sse2 is supported
configure:12008: result: yes
configure:12011: checking whether sse3 is supported
configure:12023: result: yes
configure:12026: checking whether ssse3 is supported
configure:12038: result: yes
configure:12045: checking whether C compiler accepts -mmmx
configure:12064: gcc -std=gnu99 -c -mmmx  conftest.c >&5
configure:12064: $? = 0
configure:12074: result: yes
configure:12088: checking whether C compiler accepts -msse
configure:12107: gcc -std=gnu99 -c -msse  conftest.c >&5
configure:12107: $? = 0
configure:12117: result: yes
configure:12131: checking whether C compiler accepts -msse2
configure:12150: gcc -std=gnu99 -c -msse2  conftest.c >&5
configure:12150: $? = 0
configure:12160: result: yes
configure:12174: checking whether C compiler accepts -msse3
configure:12193: gcc -std=gnu99 -c -msse3  conftest.c >&5
configure:12193: $? = 0
configure:12203: result: yes
configure:12247: checking mm_malloc.h usability
configure:12247: gcc -std=gnu99 -c -g -O2  conftest.c >&5
configure:12247: $? = 0
configure:12247: result: yes
configure:12247: checking mm_malloc.h presence
configure:12247: gcc -E  conftest.c
configure:12247: $? = 0
configure:12247: result: yes
configure:12247: checking for mm_malloc.h
configure:12247: result: yes
configure:12263: checking for working posix_memalign
configure:12287: gcc -std=gnu99 -o conftest -g -O2   conftest.c  >&5
configure:12287: $? = 0
configure:12287: ./conftest
configure:12287: $? = 0
configure:12297: result: yes
configure:12438: checking for PAPI_start_counters in -lpapi
configure:12463: gcc -std=gnu99 -o conftest -g -O2   conftest.c -lpapi   >&5
/usr/bin/ld: cannot find -lpapi
collect2: error: ld returned 1 exit status
configure:12463: $? = 1
configure: failed program was:
| /* confdefs.h */
| #define PACKAGE_NAME "m4ri"
| #define PACKAGE_TARNAME "m4ri"
| #define PACKAGE_VERSION "20130416"
| #define PACKAGE_STRING "m4ri 20130416"
| #define PACKAGE_BUGREPORT ""
| #define PACKAGE_URL ""
| #define PACKAGE "m4ri"
| #define VERSION "20130416"
| #define STDC_HEADERS 1
| #define HAVE_SYS_TYPES_H 1
| #define HAVE_SYS_STAT_H 1
| #define HAVE_STDLIB_H 1
| #define HAVE_STRING_H 1
| #define HAVE_MEMORY_H 1
| #define HAVE_STRINGS_H 1
| #define HAVE_INTTYPES_H 1
| #define HAVE_STDINT_H 1
| #define HAVE_UNISTD_H 1
| #define HAVE_DLFCN_H 1
| #define LT_OBJDIR ".libs/"
| #define HAVE_MMX /**/
| #define HAVE_SSE /**/
| #define HAVE_SSE2 /**/
| #define HAVE_SSE3 /**/
| #define HAVE_SSSE3 /**/
| #define HAVE_MM_MALLOC /**/
| #define HAVE_POSIX_MEMALIGN 1
| #define NDEBUG 1
| /* end confdefs.h.  */
| 
| /* Override any GCC internal prototype to avoid an error.
|    Use char because int might match the return type of a GCC
|    builtin and then its argument prototype would still apply.  */
| #ifdef __cplusplus
| extern "C"
| #endif
| char PAPI_start_counters ();
| int
| main ()
| {
| return PAPI_start_counters ();
|   ;
|   return 0;
| }
configure:12472: result: no
configure:12647: checking for x86 cpuid 0x0 output
configure:12696: result: d:756e6547:6c65746e:49656e69
configure:12706: checking for the processor vendor
configure:12745: result: Intel
configure:13082: checking the L1 cache size
configure:13086: result: 32768 Bytes
configure:13089: checking the L2 cache size
configure:13093: result: 262144 Bytes
configure:13096: checking the L3 cache size
configure:13100: result: 6291456 Bytes
configure:13361: checking whether to build with PNG support
configure:13363: result: yes
configure:13421: checking for pkg-config
configure:13439: found /usr/bin/pkg-config
configure:13451: result: /usr/bin/pkg-config
configure:13476: checking pkg-config is at least version 0.9.0
configure:13479: result: yes
configure:13489: checking for PNG
configure:13496: $PKG_CONFIG --exists --print-errors "libpng"
configure:13499: $? = 0
configure:13513: $PKG_CONFIG --exists --print-errors "libpng"
configure:13516: $? = 0
configure:13554: result: yes
configure:13746: checking whether make sets $(MAKE)
configure:13768: result: yes
configure:13914: creating ./config.status

## ---------------------- ##
## Running config.status. ##
## ---------------------- ##

This file was extended by m4ri config.status 20130416, which was
generated by GNU Autoconf 2.69.  Invocation command line was

  CONFIG_FILES    = 
  CONFIG_HEADERS  = 
  CONFIG_LINKS    = 
  CONFIG_COMMANDS = 
  $ ./config.status 

on soosV3560

config.status:1113: creating Makefile
config.status:1113: creating testsuite/Makefile
config.status:1113: creating m4ri/m4ri_config.h
config.status:1113: creating m4ri.pc
config.status:1113: creating m4ri/config.h
config.status:1294: m4ri/config.h is unchanged
config.status:1342: executing depfiles commands
config.status:1342: executing libtool commands

## ---------------- ##
## Cache variables. ##
## ---------------- ##

ac_cv_build=x86_64-unknown-linux-gnu
ac_cv_c_compiler_gnu=yes
ac_cv_env_CC_set=
ac_cv_env_CC_value=
ac_cv_env_CFLAGS_set=
ac_cv_env_CFLAGS_value=
ac_cv_env_CPPFLAGS_set=
ac_cv_env_CPPFLAGS_value=
ac_cv_env_CPP_set=
ac_cv_env_CPP_value=
ac_cv_env_LDFLAGS_set=
ac_cv_env_LDFLAGS_value=
ac_cv_env_LIBS_set=
ac_cv_env_LIBS_value=
ac_cv_env_PKG_CONFIG_LIBDIR_set=
ac_cv_env_PKG_CONFIG_LIBDIR_value=
ac_cv_env_PKG_CONFIG_PATH_set=
ac_cv_env_PKG_CONFIG_PATH_value=
ac_cv_env_PKG_CONFIG_set=
ac_cv_env_PKG_CONFIG_value=
ac_cv_env_PNG_CFLAGS_set=
ac_cv_env_PNG_CFLAGS_value=
ac_cv_env_PNG_LIBS_set=
ac_cv_env_PNG_LIBS_value=
ac_cv_env_build_alias_set=
ac_cv_env_build_alias_value=
ac_cv_env_host_alias_set=
ac_cv_env_host_alias_value=
ac_cv_env_target_alias_set=
ac_cv_env_target_alias_value=
ac_cv_header_dlfcn_h=yes
ac_cv_header_inttypes_h=yes
ac_cv_header_memory_h=yes
ac_cv_header_mm_malloc_h=yes
ac_cv_header_stdc=yes
ac_cv_header_stdint_h=yes
ac_cv_header_stdlib_h=yes
ac_cv_header_string_h=yes
ac_cv_header_strings_h=yes
ac_cv_header_sys_stat_h=yes
ac_cv_header_sys_types_h=yes
ac_cv_header_unistd_h=yes
ac_cv_host=x86_64-unknown-linux-gnu
ac_cv_lib_papi_PAPI_start_counters=no
ac_cv_objext=o
ac_cv_path_EGREP='/bin/grep -E'
ac_cv_path_FGREP='/bin/grep -F'
ac_cv_path_GREP=/bin/grep
ac_cv_path_SED=/bin/sed
ac_cv_path_ac_pt_PKG_CONFIG=/usr/bin/pkg-config
ac_cv_path_install='/usr/bin/install -c'
ac_cv_path_mkdir=/bin/mkdir
ac_cv_prog_AWK=gawk
ac_cv_prog_CPP='gcc -E'
ac_cv_prog_ac_ct_AR=ar
ac_cv_prog_ac_ct_CC=gcc
ac_cv_prog_ac_ct_MANIFEST_TOOL=mt
ac_cv_prog_ac_ct_OBJDUMP=objdump
ac_cv_prog_ac_ct_RANLIB=ranlib
ac_cv_prog_ac_ct_STRIP=strip
ac_cv_prog_cc_c89=
ac_cv_prog_cc_c99=-std=gnu99
ac_cv_prog_cc_g=yes
ac_cv_prog_cc_gcc_c_o=yes
ac_cv_prog_make_make_set=yes
am_cv_CC_dependencies_compiler_type=gcc3
ax_cv_c_flags__mmmx=yes
ax_cv_c_flags__msse2=yes
ax_cv_c_flags__msse3=yes
ax_cv_c_flags__msse=yes
ax_cv_cpu_vendor=Intel
ax_cv_func_posix_memalign_works=yes
ax_cv_gcc_x86_cpuid_0x00000001=306a9:2100800:7fbae3bf:bfebfbff
ax_cv_gcc_x86_cpuid_0x0=d:756e6547:6c65746e:49656e69
ax_cv_gcc_x86_cpuid_=d:756e6547:6c65746e:49656e69
ax_cv_have_mmx_ext=yes
ax_cv_have_sse2_ext=yes
ax_cv_have_sse3_ext=yes
ax_cv_have_sse_ext=yes
ax_cv_have_ssse3_ext=yes
lt_cv_ar_at_file=@
lt_cv_archive_cmds_need_lc=no
lt_cv_deplibs_check_method=pass_all
lt_cv_file_magic_cmd='$MAGIC_CMD'
lt_cv_file_magic_test_file=
lt_cv_ld_reload_flag=-r
lt_cv_nm_interface='BSD nm'
lt_cv_objdir=.libs
lt_cv_path_LD=/usr/bin/ld
lt_cv_path_NM='/usr/bin/nm -B'
lt_cv_path_mainfest_tool=no
lt_cv_prog_compiler_c_o=yes
lt_cv_prog_compiler_pic='-fPIC -DPIC'
lt_cv_prog_compiler_pic_works=yes
lt_cv_prog_compiler_rtti_exceptions=no
lt_cv_prog_compiler_static_works=yes
lt_cv_prog_gnu_ld=yes
lt_cv_sharedlib_from_linklib_cmd='printf %s\n'
lt_cv_shlibpath_overrides_runpath=no
lt_cv_sys_global_symbol_pipe='sed -n -e '\''s/^.*[	 ]\([ABCDGIRSTW][ABCDGIRSTW]*\)[	 ][	 ]*\([_A-Za-z][_A-Za-z0-9]*\)$/\1 \2 \2/p'\'' | sed '\''/ __gnu_lto/d'\'''
lt_cv_sys_global_symbol_to_c_name_address='sed -n -e '\''s/^: \([^ ]*\)[ ]*$/  {\"\1\", (void *) 0},/p'\'' -e '\''s/^[ABCDGIRSTW]* \([^ ]*\) \([^ ]*\)$/  {"\2", (void *) \&\2},/p'\'''
lt_cv_sys_global_symbol_to_c_name_address_lib_prefix='sed -n -e '\''s/^: \([^ ]*\)[ ]*$/  {\"\1\", (void *) 0},/p'\'' -e '\''s/^[ABCDGIRSTW]* \([^ ]*\) \(lib[^ ]*\)$/  {"\2", (void *) \&\2},/p'\'' -e '\''s/^[ABCDGIRSTW]* \([^ ]*\) \([^ ]*\)$/  {"lib\2", (void *) \&\2},/p'\'''
lt_cv_sys_global_symbol_to_cdecl='sed -n -e '\''s/^T .* \(.*\)$/extern int \1();/p'\'' -e '\''s/^[ABCDGIRSTW]* .* \(.*\)$/extern char \1;/p'\'''
lt_cv_sys_max_cmd_len=1572864
lt_cv_to_host_file_cmd=func_convert_file_noop
lt_cv_to_tool_file_cmd=func_convert_file_noop
pkg_cv_PNG_CFLAGS='-I/usr/include/libpng12  '
pkg_cv_PNG_LIBS='-lpng12  '

## ----------------- ##
## Output variables. ##
## ----------------- ##

ACLOCAL='${SHELL} /home/soos/development/sat_solvers/cssc/solvers/cryptominisat/code/m4ri-20130416/missing --run aclocal-1.11'
AMDEPBACKSLASH='\'
AMDEP_FALSE='#'
AMDEP_TRUE=''
AMTAR='$${TAR-tar}'
AR='ar'
AUTOCONF='${SHELL} /home/soos/development/sat_solvers/cssc/solvers/cryptominisat/code/m4ri-20130416/missing --run autoconf'
AUTOHEADER='${SHELL} /home/soos/development/sat_solvers/cssc/solvers/cryptominisat/code/m4ri-20130416/missing --run autoheader'
AUTOMAKE='${SHELL} /home/soos/development/sat_solvers/cssc/solvers/cryptominisat/code/m4ri-20130416/missing --run automake-1.11'
AWK='gawk'
CC='gcc -std=gnu99'
CCDEPMODE='depmode=gcc3'
CFLAGS='-g -O2'
CPP='gcc -E'
CPPFLAGS=''
CYGPATH_W='echo'
DEBUG_FLAGS=''
DEFS='-DHAVE_CONFIG_H'
DEPDIR='.deps'
DLLTOOL='false'
DSYMUTIL=''
DUMPBIN=''
ECHO_C=''
ECHO_N='-n'
ECHO_T=''
EGREP='/bin/grep -E'
EXEEXT=''
FGREP='/bin/grep -F'
GREP='/bin/grep'
INSTALL_DATA='${INSTALL} -m 644'
INSTALL_PROGRAM='${INSTALL}'
INSTALL_SCRIPT='${INSTALL}'
INSTALL_STRIP_PROGRAM='$(install_sh) -c -s'
LD='/usr/bin/ld -m elf_x86_64'
LDFLAGS=''
LIBOBJS=''
LIBPNG_LIBADD='-lpng12  '
LIBS=''
LIBTOOL='$(SHELL) $(top_builddir)/libtool'
LIPO=''
LN_S='ln -s'
LTLIBOBJS=''
M4RI_CPU_L1_CACHE='32768'
M4RI_CPU_L2_CACHE='262144'
M4RI_CPU_L3_CACHE='6291456'
M4RI_DEBUG_DUMP='0'
M4RI_DEBUG_MZD='0'
M4RI_HAVE_LIBPNG='1'
M4RI_HAVE_MM_MALLOC='1'
M4RI_HAVE_OPENMP='0'
M4RI_HAVE_POSIX_MEMALIGN='1'
M4RI_HAVE_SSE2='1'
MAINT='#'
MAINTAINER_MODE_FALSE=''
MAINTAINER_MODE_TRUE='#'
MAKEINFO='${SHELL} /home/soos/development/sat_solvers/cssc/solvers/cryptominisat/code/m4ri-20130416/missing --run makeinfo'
MANIFEST_TOOL=':'
MKDIR_P='/bin/mkdir -p'
NM='/usr/bin/nm -B'
NMEDIT=''
OBJDUMP='objdump'
OBJEXT='o'
OPENMP_CFLAGS=''
OTOOL64=''
OTOOL=''
PACKAGE='m4ri'
PACKAGE_BUGREPORT=''
PACKAGE_NAME='m4ri'
PACKAGE_STRING='m4ri 20130416'
PACKAGE_TARNAME='m4ri'
PACKAGE_URL=''
PACKAGE_VERSION='20130416'
PAPI_CFLAGS=''
PAPI_LDFLAGS=''
PAPI_LIBS=''
PATH_SEPARATOR=':'
PKG_CONFIG='/usr/bin/pkg-config'
PKG_CONFIG_LIBDIR=''
PKG_CONFIG_PATH=''
PNG_CFLAGS='-I/usr/include/libpng12  '
PNG_LIBS='-lpng12  '
RANLIB='ranlib'
RELEASE='20130416'
SED='/bin/sed'
SET_MAKE=''
SHELL='/bin/bash'
SIMD_CFLAGS=' -mmmx -msse -msse2 -msse3'
STRIP='strip'
VERSION='20130416'
ac_ct_AR='ar'
ac_ct_CC='gcc'
ac_ct_DUMPBIN=''
am__EXEEXT_FALSE=''
am__EXEEXT_TRUE='#'
am__fastdepCC_FALSE='#'
am__fastdepCC_TRUE=''
am__include='include'
am__isrc=''
am__leading_dot='.'
am__nodep='_no'
am__quote=''
am__tar='$${TAR-tar} chof - "$$tardir"'
am__untar='$${TAR-tar} xf -'
bindir='${exec_prefix}/bin'
build='x86_64-unknown-linux-gnu'
build_alias=''
build_cpu='x86_64'
build_os='linux-gnu'
build_vendor='unknown'
datadir='${datarootdir}'
datarootdir='${prefix}/share'
docdir='${datarootdir}/doc/${PACKAGE_TARNAME}'
dvidir='${docdir}'
exec_prefix='${prefix}'
host='x86_64-unknown-linux-gnu'
host_alias=''
host_cpu='x86_64'
host_os='linux-gnu'
host_vendor='unknown'
htmldir='${docdir}'
includedir='${prefix}/include'
infodir='${datarootdir}/info'
install_sh='${SHELL} /home/soos/development/sat_solvers/cssc/solvers/cryptominisat/code/m4ri-20130416/install-sh'
libdir='${exec_prefix}/lib'
libexecdir='${exec_prefix}/libexec'
localedir='${datarootdir}/locale'
localstatedir='${prefix}/var'
mandir='${datarootdir}/man'
mkdir_p='/bin/mkdir -p'
oldincludedir='/usr/include'
pdfdir='${docdir}'
prefix='/usr/local'
program_transform_name='s,x,x,'
psdir='${docdir}'
sbindir='${exec_prefix}/sbin'
sharedstatedir='${prefix}/com'
sysconfdir='${prefix}/etc'
target_alias=''

## ----------- ##
## confdefs.h. ##
## ----------- ##

/* confdefs.h */
#define PACKAGE_NAME "m4ri"
#define PACKAGE_TARNAME "m4ri"
#define PACKAGE_VERSION "20130416"
#define PACKAGE_STRING "m4ri 20130416"
#define PACKAGE_BUGREPORT ""
#define PACKAGE_URL ""
#define PACKAGE "m4ri"
#define VERSION "20130416"
#define STDC_HEADERS 1
#define HAVE_SYS_TYPES_H 1
#define HAVE_SYS_STAT_H 1
#define HAVE_STDLIB_H 1
#define HAVE_STRING_H 1
#define HAVE_MEMORY_H 1
#define HAVE_STRINGS_H 1
#define HAVE_INTTYPES_H 1
#define HAVE_STDINT_H 1
#define HAVE_UNISTD_H 1
#define HAVE_DLFCN_H 1
#define LT_OBJDIR ".libs/"
#define HAVE_MMX /**/
#define HAVE_SSE /**/
#define HAVE_SSE2 /**/
#define HAVE_SSE3 /**/
#define HAVE_SSSE3 /**/
#define HAVE_MM_MALLOC /**/
#define HAVE_POSIX_MEMALIGN 1
#define NDEBUG 1

configure: exit 0
